{
  "RSpec": {
    "coverage": {
      "/Users/carolineartz/Polity/Polity/app/helpers/aldermen_helper.rb": [
        1,
        null
      ],
      "/Users/carolineartz/Polity/Polity/app/helpers/application_helper.rb": [
        1,
        null
      ],
      "/Users/carolineartz/Polity/Polity/app/helpers/community_member_vote_positions_helper.rb": [
        1,
        null
      ],
      "/Users/carolineartz/Polity/Polity/app/helpers/legislation_sponsors_helper.rb": [
        1,
        null
      ],
      "/Users/carolineartz/Polity/Polity/app/helpers/legislations_helper.rb": [
        1,
        null
      ],
      "/Users/carolineartz/Polity/Polity/app/helpers/legislator_votes_helper.rb": [
        1,
        null
      ],
      "/Users/carolineartz/Polity/Polity/app/helpers/users_helper.rb": [
        1,
        null
      ],
      "/Users/carolineartz/Polity/Polity/app/helpers/wards_helper.rb": [
        1,
        null
      ],
      "/Users/carolineartz/Polity/Polity/app/controllers/aldermen_controller.rb": [
        1,
        1,
        null,
        null,
        null,
        1,
        1,
        null,
        null,
        null,
        null,
        1,
        null,
        null,
        null,
        1,
        1,
        null,
        null,
        null,
        1,
        null,
        null,
        null,
        null,
        1,
        5,
        null,
        5,
        5,
        6,
        3,
        null,
        4,
        2,
        null,
        null,
        null,
        null,
        null,
        null,
        1,
        0,
        0,
        0,
        0,
        null,
        0,
        0,
        null,
        null,
        null,
        null,
        null,
        null,
        1,
        0,
        0,
        0,
        0,
        null,
        null,
        null,
        1,
        null,
        1,
        0,
        null,
        null,
        null,
        1,
        5,
        null,
        null
      ],
      "/Users/carolineartz/Polity/Polity/app/controllers/application_controller.rb": [
        1,
        null,
        null,
        1,
        null
      ],
      "/Users/carolineartz/Polity/Polity/app/controllers/community_member_vote_positions_controller.rb": [
        1,
        1,
        null,
        null,
        null,
        1,
        2,
        null,
        null,
        null,
        null,
        1,
        null,
        null,
        null,
        1,
        1,
        null,
        null,
        null,
        1,
        null,
        null,
        null,
        null,
        1,
        5,
        null,
        5,
        5,
        6,
        3,
        null,
        4,
        2,
        null,
        null,
        null,
        null,
        null,
        null,
        1,
        5,
        5,
        4,
        2,
        null,
        6,
        3,
        null,
        null,
        null,
        null,
        null,
        null,
        1,
        2,
        2,
        4,
        2,
        null,
        null,
        null,
        1,
        null,
        1,
        9,
        null,
        null,
        null,
        1,
        10,
        null,
        null
      ],
      "/Users/carolineartz/Polity/Polity/app/controllers/legislation_sponsors_controller.rb": [
        1,
        1,
        null,
        null,
        null,
        1,
        2,
        null,
        null,
        null,
        null,
        1,
        null,
        null,
        null,
        1,
        1,
        null,
        null,
        null,
        1,
        null,
        null,
        null,
        null,
        1,
        5,
        null,
        5,
        5,
        6,
        3,
        null,
        4,
        2,
        null,
        null,
        null,
        null,
        null,
        null,
        1,
        5,
        5,
        4,
        2,
        null,
        6,
        3,
        null,
        null,
        null,
        null,
        null,
        null,
        1,
        2,
        2,
        4,
        2,
        null,
        null,
        null,
        1,
        null,
        1,
        9,
        null,
        null,
        null,
        1,
        10,
        null,
        null
      ],
      "/Users/carolineartz/Polity/Polity/app/controllers/legislations_controller.rb": [
        1,
        1,
        null,
        null,
        null,
        1,
        2,
        null,
        null,
        null,
        null,
        1,
        null,
        null,
        null,
        1,
        1,
        null,
        null,
        null,
        1,
        null,
        null,
        null,
        null,
        1,
        5,
        null,
        5,
        5,
        6,
        3,
        null,
        4,
        2,
        null,
        null,
        null,
        null,
        null,
        null,
        1,
        5,
        5,
        4,
        2,
        null,
        6,
        3,
        null,
        null,
        null,
        null,
        null,
        null,
        1,
        2,
        2,
        4,
        2,
        null,
        null,
        null,
        1,
        null,
        1,
        9,
        null,
        null,
        null,
        1,
        10,
        null,
        null
      ],
      "/Users/carolineartz/Polity/Polity/app/controllers/legislator_votes_controller.rb": [
        1,
        1,
        null,
        null,
        null,
        1,
        2,
        null,
        null,
        null,
        null,
        1,
        null,
        null,
        null,
        1,
        1,
        null,
        null,
        null,
        1,
        null,
        null,
        null,
        null,
        1,
        5,
        null,
        5,
        5,
        6,
        3,
        null,
        4,
        2,
        null,
        null,
        null,
        null,
        null,
        null,
        1,
        5,
        5,
        4,
        2,
        null,
        6,
        3,
        null,
        null,
        null,
        null,
        null,
        null,
        1,
        2,
        2,
        4,
        2,
        null,
        null,
        null,
        1,
        null,
        1,
        9,
        null,
        null,
        null,
        1,
        10,
        null,
        null
      ],
      "/Users/carolineartz/Polity/Polity/app/controllers/users_controller.rb": [
        1,
        1,
        null,
        null,
        null,
        1,
        2,
        null,
        null,
        null,
        null,
        1,
        null,
        null,
        null,
        1,
        1,
        null,
        null,
        null,
        1,
        null,
        null,
        null,
        null,
        1,
        5,
        null,
        5,
        5,
        6,
        3,
        null,
        4,
        2,
        null,
        null,
        null,
        null,
        null,
        null,
        1,
        5,
        5,
        4,
        2,
        null,
        6,
        3,
        null,
        null,
        null,
        null,
        null,
        null,
        1,
        2,
        2,
        4,
        2,
        null,
        null,
        null,
        1,
        null,
        1,
        9,
        null,
        null,
        null,
        1,
        10,
        null,
        null
      ],
      "/Users/carolineartz/Polity/Polity/app/controllers/wards_controller.rb": [
        1,
        1,
        null,
        null,
        null,
        1,
        2,
        null,
        null,
        null,
        null,
        1,
        null,
        null,
        null,
        1,
        1,
        null,
        null,
        null,
        1,
        null,
        null,
        null,
        null,
        1,
        5,
        null,
        5,
        5,
        6,
        3,
        null,
        4,
        2,
        null,
        null,
        null,
        null,
        null,
        null,
        1,
        5,
        5,
        4,
        2,
        null,
        6,
        3,
        null,
        null,
        null,
        null,
        null,
        null,
        1,
        2,
        2,
        4,
        2,
        null,
        null,
        null,
        1,
        null,
        1,
        9,
        null,
        null,
        null,
        1,
        10,
        null,
        null
      ],
      "/Users/carolineartz/Polity/Polity/app/models/alderman.rb": [
        1,
        1,
        null
      ],
      "/Users/carolineartz/Polity/Polity/app/models/community_member_vote_position.rb": [
        1,
        null
      ],
      "/Users/carolineartz/Polity/Polity/app/models/legislation.rb": [
        1,
        1,
        null,
        null
      ],
      "/Users/carolineartz/Polity/Polity/app/models/legislation_sponsor.rb": [
        1,
        1,
        1,
        null
      ],
      "/Users/carolineartz/Polity/Polity/app/models/legislator_vote.rb": [
        1,
        1,
        1,
        null
      ],
      "/Users/carolineartz/Polity/Polity/app/models/user.rb": [
        1,
        1,
        null
      ],
      "/Users/carolineartz/Polity/Polity/app/models/ward.rb": [
        1,
        1,
        null
      ]
    },
    "timestamp": 1402647151
  }
}
